<?xml version='1.0'?>
<ns2:test-suite xmlns:ns2='urn:model.allure.qatools.yandex.ru' start='1510714859068' stop='1510714861494'>
    <name>Acceso a la aplicación Acceso sin parámetros</name>
    <title>Acceso a la aplicación Acceso sin parámetros</title>
    <test-cases>
        <test-case start='1510714859070' status='passed' stop='1510714859413'>
            <name>que voy a la página principal</name>
            <title>que voy a la página principal</title>
            <labels/>
            <parameters>
                <parameter kind='environment-variable' name='capabilities' value='{"browser":"safari"}'/>
                <parameter kind='environment-variable' name='spec files' value='["D:\\4208\\miso-4208\\Documentacion\\Sprint-3\\Cucumber\\proyect-source\\features\\login.feature"]'/>
            </parameters>
            <steps>
                <step start='1510714859070' status='passed' stop='1510714859407'>
                    <name>POST /wd/hub/session/a289b860e7fe74ffc8f84c3d7e0f56b7734b56aa/url</name>
                    <title>POST /wd/hub/session/a289b860e7fe74ffc8f84c3d7e0f56b7734b56aa/url</title>
                    <attachments>
                        <attachment title='Request' source='f17f3cff-705a-4f14-98d8-aab91143b5d3-attachment.json' type='application/json' size='38'/>
                        <attachment title='Response' source='058c732e-8bbb-4721-92d2-af30b23f19de-attachment.json' type='application/json' size='199'/>
                    </attachments>
                    <steps/>
                </step>
            </steps>
            <attachments/>
        </test-case>
        <test-case start='1510714859415' status='passed' stop='1510714860118'>
            <name>abro la página de acceso</name>
            <title>abro la página de acceso</title>
            <labels/>
            <parameters>
                <parameter kind='environment-variable' name='capabilities' value='{"browser":"safari"}'/>
                <parameter kind='environment-variable' name='spec files' value='["D:\\4208\\miso-4208\\Documentacion\\Sprint-3\\Cucumber\\proyect-source\\features\\login.feature"]'/>
            </parameters>
            <steps>
                <step start='1510714859420' status='passed' stop='1510714859541'>
                    <name>POST /wd/hub/session/a289b860e7fe74ffc8f84c3d7e0f56b7734b56aa/elements</name>
                    <title>POST /wd/hub/session/a289b860e7fe74ffc8f84c3d7e0f56b7734b56aa/elements</title>
                    <attachments>
                        <attachment title='Request' source='a2408b8d-1cfe-4ad7-8b01-a690ff4361d9-attachment.json' type='application/json' size='61'/>
                        <attachment title='Response' source='73eb00c0-35af-42ec-b9cf-91c795cf5832-attachment.json' type='application/json' size='249'/>
                    </attachments>
                    <steps/>
                </step>
                <step start='1510714859543' status='passed' stop='1510714859896'>
                    <name>GET /wd/hub/session/a289b860e7fe74ffc8f84c3d7e0f56b7734b56aa/element/5/displayed</name>
                    <title>GET /wd/hub/session/a289b860e7fe74ffc8f84c3d7e0f56b7734b56aa/element/5/displayed</title>
                    <attachments>
                        <attachment title='Response' source='440047d7-bb6f-48e7-9fc4-33379128f1ab-attachment.json' type='application/json' size='200'/>
                    </attachments>
                    <steps/>
                </step>
                <step start='1510714859904' status='passed' stop='1510714860004'>
                    <name>POST /wd/hub/session/a289b860e7fe74ffc8f84c3d7e0f56b7734b56aa/element</name>
                    <title>POST /wd/hub/session/a289b860e7fe74ffc8f84c3d7e0f56b7734b56aa/element</title>
                    <attachments>
                        <attachment title='Request' source='6e72b993-0fc7-45c3-aec8-60b04517a113-attachment.json' type='application/json' size='61'/>
                        <attachment title='Response' source='a12f96e4-2e4b-4d8e-b1a7-9c7fd91921ff-attachment.json' type='application/json' size='226'/>
                    </attachments>
                    <steps/>
                </step>
                <step start='1510714860006' status='passed' stop='1510714860110'>
                    <name>POST /wd/hub/session/a289b860e7fe74ffc8f84c3d7e0f56b7734b56aa/element/5/click</name>
                    <title>POST /wd/hub/session/a289b860e7fe74ffc8f84c3d7e0f56b7734b56aa/element/5/click</title>
                    <attachments>
                        <attachment title='Response' source='7d01eaad-2afb-424e-9ad7-672283202f35-attachment.json' type='application/json' size='199'/>
                    </attachments>
                    <steps/>
                </step>
            </steps>
            <attachments/>
        </test-case>
        <test-case start='1510714860120' status='broken' stop='1510714861482'>
            <name>diligencio mi  y</name>
            <title>diligencio mi  y</title>
            <labels/>
            <parameters>
                <parameter kind='environment-variable' name='capabilities' value='{"browser":"safari"}'/>
                <parameter kind='environment-variable' name='spec files' value='["D:\\4208\\miso-4208\\Documentacion\\Sprint-3\\Cucumber\\proyect-source\\features\\login.feature"]'/>
            </parameters>
            <steps>
                <step start='1510714860132' status='passed' stop='1510714860250'>
                    <name>POST /wd/hub/session/a289b860e7fe74ffc8f84c3d7e0f56b7734b56aa/elements</name>
                    <title>POST /wd/hub/session/a289b860e7fe74ffc8f84c3d7e0f56b7734b56aa/elements</title>
                    <attachments>
                        <attachment title='Request' source='b0a359a3-f62e-4607-8524-71a29be0a6e0-attachment.json' type='application/json' size='56'/>
                        <attachment title='Response' source='02236b66-c1be-400f-8eff-206638d4df78-attachment.json' type='application/json' size='250'/>
                    </attachments>
                    <steps/>
                </step>
                <step start='1510714860260' status='passed' stop='1510714860357'>
                    <name>GET /wd/hub/session/a289b860e7fe74ffc8f84c3d7e0f56b7734b56aa/element/6/displayed</name>
                    <title>GET /wd/hub/session/a289b860e7fe74ffc8f84c3d7e0f56b7734b56aa/element/6/displayed</title>
                    <attachments>
                        <attachment title='Response' source='e6fe8608-69b8-4005-a5f6-fd604a0c448a-attachment.json' type='application/json' size='200'/>
                    </attachments>
                    <steps/>
                </step>
                <step start='1510714860363' status='passed' stop='1510714860462'>
                    <name>POST /wd/hub/session/a289b860e7fe74ffc8f84c3d7e0f56b7734b56aa/element</name>
                    <title>POST /wd/hub/session/a289b860e7fe74ffc8f84c3d7e0f56b7734b56aa/element</title>
                    <attachments>
                        <attachment title='Request' source='2f0ecd78-11bf-4443-a765-f7de2f3fc87c-attachment.json' type='application/json' size='51'/>
                        <attachment title='Response' source='2d4456d0-4172-43e8-9cee-cc631532290f-attachment.json' type='application/json' size='225'/>
                    </attachments>
                    <steps/>
                </step>
                <step start='1510714860476' status='passed' stop='1510714860581'>
                    <name>POST /wd/hub/session/a289b860e7fe74ffc8f84c3d7e0f56b7734b56aa/element/7/clear</name>
                    <title>POST /wd/hub/session/a289b860e7fe74ffc8f84c3d7e0f56b7734b56aa/element/7/clear</title>
                    <attachments>
                        <attachment title='Response' source='15d5457b-2b49-4124-b90c-043c091e2911-attachment.json' type='application/json' size='197'/>
                    </attachments>
                    <steps/>
                </step>
                <step start='1510714860587' status='passed' stop='1510714860732'>
                    <name>POST /wd/hub/session/a289b860e7fe74ffc8f84c3d7e0f56b7734b56aa/element/7/value</name>
                    <title>POST /wd/hub/session/a289b860e7fe74ffc8f84c3d7e0f56b7734b56aa/element/7/value</title>
                    <attachments>
                        <attachment title='Request' source='d7f20585-5bdc-489c-8c83-b29a83d74e1b-attachment.json' type='application/json' size='35'/>
                        <attachment title='Response' source='cd3a7c1c-932b-4d5e-afc9-9df68bb693fe-attachment.json' type='application/json' size='1944'/>
                    </attachments>
                    <steps/>
                </step>
                <step start='1510714860742' status='passed' stop='1510714861469'>
                    <name>GET /wd/hub/session/a289b860e7fe74ffc8f84c3d7e0f56b7734b56aa/screenshot</name>
                    <title>GET /wd/hub/session/a289b860e7fe74ffc8f84c3d7e0f56b7734b56aa/screenshot</title>
                    <attachments>
                        <attachment title='Screenshot' source='2da209fa-6154-418b-a634-9d99e41c3709-attachment.png' type='image/png' size='195079'/>
                    </attachments>
                    <steps/>
                </step>
            </steps>
            <attachments/>
            <failure>
                <message>An unknown server-side error occurred while processing the command. (WARNING: The server did not provide any stacktrace information)
                Command duration or timeout: 24 milliseconds
                Build info: version: '3.0.1', revision: '1969d75', time: '2016-10-18 09:48:19 -0700'
                System info: host: 'mac-208-52-157-35.browserstack.com', ip: '208.52.157.35', os.name: 'Mac OS X', os.arch: 'x86_64', os.version: '10.12.6', java.version: '1.8.0_51'
                Driver info: org.openqa.selenium.safari.SafariDriver
                Capabilities [{applicationCacheEnabled=true, rotatable=false, databaseEnabled=true, handlesAlerts=true, version=12603.3.8, cleanSession=true, platform=MAC, nativeEvents=true, locationContextEnabled=false, webStorageEnabled=true, browserName=safari, javascriptEnabled=true, platformName=macOS, cssSelectorsEnabled=true}]
                Session ID: 6F38DDBC-A0C2-44ED-9042-91E6D070A499</message>
                <stack-trace>Error: An unknown server-side error occurred while processing the command.
                    at Object.wait (D:\4208\miso-4208\Documentacion\Sprint-3\Cucumber\proyect-source\node_modules\fibers\future.js:449:15)
                    at Object.setValue (D:\4208\miso-4208\Documentacion\Sprint-3\Cucumber\proyect-source\node_modules\wdio-sync\build\index.js:353:27)
                    at fillLoginForm (D:\4208\miso-4208\Documentacion\Sprint-3\Cucumber\proyect-source\features\step-definitions\index.js:17:13)
                    at World.When (D:\4208\miso-4208\Documentacion\Sprint-3\Cucumber\proyect-source\features\step-definitions\index.js:75:5)
                    at D:\4208\miso-4208\Documentacion\Sprint-3\Cucumber\proyect-source\node_modules\wdio-sync\build\index.js:594:26
                    at Promise.F (D:\4208\miso-4208\Documentacion\Sprint-3\Cucumber\proyect-source\node_modules\core-js\library\modules\_export.js:35:28)
                    at World.executeSync (D:\4208\miso-4208\Documentacion\Sprint-3\Cucumber\proyect-source\node_modules\wdio-sync\build\index.js:592:12)
                    at D:\4208\miso-4208\Documentacion\Sprint-3\Cucumber\proyect-source\node_modules\wdio-sync\build\index.js:214:29
                    at elementIdValue("7", "") - D:\4208\miso-4208\Documentacion\Sprint-3\Cucumber\proyect-source\node_modules\webdriverio\build\lib\commands\setValue.js:46:80</stack-trace>
            </failure>
        </test-case>
        <test-case start='1510714861482' status='undefined'>
            <name>intento acceder</name>
            <title>intento acceder</title>
            <labels/>
            <parameters>
                <parameter kind='environment-variable' name='capabilities' value='{"browser":"safari"}'/>
                <parameter kind='environment-variable' name='spec files' value='["D:\\4208\\miso-4208\\Documentacion\\Sprint-3\\Cucumber\\proyect-source\\features\\login.feature"]'/>
            </parameters>
            <steps/>
            <attachments/>
        </test-case>
        <test-case start='1510714861487' status='pending' stop='1510714861487'>
            <name>intento acceder</name>
            <title>intento acceder</title>
            <labels/>
            <parameters/>
            <steps/>
            <attachments/>
            <failure>
                <message>Test ignored</message>
                <stack-trace>undefined</stack-trace>
            </failure>
        </test-case>
        <test-case start='1510714861489' status='undefined'>
            <name>espero ver y cerrar una alerta</name>
            <title>espero ver y cerrar una alerta</title>
            <labels/>
            <parameters>
                <parameter kind='environment-variable' name='capabilities' value='{"browser":"safari"}'/>
                <parameter kind='environment-variable' name='spec files' value='["D:\\4208\\miso-4208\\Documentacion\\Sprint-3\\Cucumber\\proyect-source\\features\\login.feature"]'/>
            </parameters>
            <steps/>
            <attachments/>
        </test-case>
        <test-case start='1510714861491' status='pending' stop='1510714861491'>
            <name>espero ver y cerrar una alerta</name>
            <title>espero ver y cerrar una alerta</title>
            <labels/>
            <parameters/>
            <steps/>
            <attachments/>
            <failure>
                <message>Test ignored</message>
                <stack-trace>undefined</stack-trace>
            </failure>
        </test-case>
    </test-cases>
</ns2:test-suite>